<?xml version="1.0" encoding="UTF-8"?>
<testng-results skipped="0" failed="0" ignored="0" total="1" passed="1">
  <reporter-output>
    <line>
      <![CDATA[<img src="file:///Users/diegogarcia/Projects/Evidencias/18_10_2018/16_58_45/CT001_Acesso_a_Pagina_de_Reserva_Rapida/165854049_Login.png" alt=""/>]]>
    </line>
    <line>
      <![CDATA[<img src="file:///Users/diegogarcia/Projects/Evidencias/18_10_2018/16_58_45/CT001_Acesso_a_Pagina_de_Reserva_Rapida/165854572_Login preenchido.png" alt=""/>]]>
    </line>
  </reporter-output>
  <suite name="Default suite" duration-ms="26902" started-at="2018-10-18T19:58:45Z" finished-at="2018-10-18T19:59:12Z">
    <groups>
      <group name="ReservaRapida">
        <method signature="TestReservaRapida.CT001_Acesso_a_Pagina_de_Reserva_Rapida()[pri:1, instance:br.com.inmetrics.desafioqafrm.tests.TestReservaRapida@4fe3c938]" name="CT001_Acesso_a_Pagina_de_Reserva_Rapida" class="br.com.inmetrics.desafioqafrm.tests.TestReservaRapida"/>
      </group> <!-- ReservaRapida -->
    </groups>
    <test name="Default test" duration-ms="26902" started-at="2018-10-18T19:58:45Z" finished-at="2018-10-18T19:59:12Z">
      <class name="br.com.inmetrics.desafioqafrm.tests.TestReservaRapida">
        <test-method status="PASS" signature="setup(java.lang.reflect.Method, org.testng.ITestContext)[pri:0, instance:br.com.inmetrics.desafioqafrm.tests.TestReservaRapida@4fe3c938]" name="setup" is-config="true" duration-ms="7923" started-at="2018-10-18T19:58:45Z" finished-at="2018-10-18T19:58:53Z">
          <params>
            <param index="0">
              <value>
                <![CDATA[public void br.com.inmetrics.desafioqafrm.tests.TestReservaRapida.CT001_Acesso_a_Pagina_de_Reserva_Rapida()]]>
              </value>
            </param>
            <param index="1">
              <value>
                <![CDATA[org.testng.TestRunner@3da05287]]>
              </value>
            </param>
          </params>
          <reporter-output>
          </reporter-output>
        </test-method> <!-- setup -->
        <test-method status="PASS" signature="CT001_Acesso_a_Pagina_de_Reserva_Rapida()[pri:1, instance:br.com.inmetrics.desafioqafrm.tests.TestReservaRapida@4fe3c938]" name="CT001_Acesso_a_Pagina_de_Reserva_Rapida" duration-ms="18818" started-at="2018-10-18T19:58:53Z" finished-at="2018-10-18T19:59:12Z">
          <reporter-output>
            <line>
              <![CDATA[<img src="file:///Users/diegogarcia/Projects/Evidencias/18_10_2018/16_58_45/CT001_Acesso_a_Pagina_de_Reserva_Rapida/165854049_Login.png" alt=""/>]]>
            </line>
            <line>
              <![CDATA[<img src="file:///Users/diegogarcia/Projects/Evidencias/18_10_2018/16_58_45/CT001_Acesso_a_Pagina_de_Reserva_Rapida/165854572_Login preenchido.png" alt=""/>]]>
            </line>
          </reporter-output>
        </test-method> <!-- CT001_Acesso_a_Pagina_de_Reserva_Rapida -->
        <test-method status="PASS" signature="teardown(java.lang.reflect.Method, org.testng.ITestContext)[pri:0, instance:br.com.inmetrics.desafioqafrm.tests.TestReservaRapida@4fe3c938]" name="teardown" is-config="true" duration-ms="130" started-at="2018-10-18T19:59:12Z" finished-at="2018-10-18T19:59:12Z">
          <params>
            <param index="0">
              <value>
                <![CDATA[public void br.com.inmetrics.desafioqafrm.tests.TestReservaRapida.CT001_Acesso_a_Pagina_de_Reserva_Rapida()]]>
              </value>
            </param>
            <param index="1">
              <value>
                <![CDATA[org.testng.TestRunner@3da05287]]>
              </value>
            </param>
          </params>
          <reporter-output>
          </reporter-output>
        </test-method> <!-- teardown -->
      </class> <!-- br.com.inmetrics.desafioqafrm.tests.TestReservaRapida -->
    </test> <!-- Default test -->
  </suite> <!-- Default suite -->
</testng-results>
